# JRE version: OpenJDK Runtime Environment (21.0.2+13) (build 21.0.2+13-58)
# Java VM: OpenJDK 64-Bit Server VM (21.0.2+13-58, mixed mode, sharing, tiered, compressed oops, compressed class ptrs, g1 gc, windows-amd64)
GC Precious Log:
 CardTable entry size: 512
 Card Set container configuration: InlinePtr #cards 5 size 8 Array Of Cards #cards 12 size 40 Howl #buckets 4 coarsen threshold 1843 Howl Bitmap #cards 512 size 80 coarsen threshold 460 Card regions per heap region 1 cards per card region 2048
 CPUs: 8 total, 8 available
 Memory: 8022M
 Large Page Support: Disabled
 NUMA Support: Disabled
 Compressed Oops: Enabled (32-bit)
 Heap Region Size: 1M
 Heap Min Capacity: 256M
 Heap Initial Capacity: 256M
 Heap Max Capacity: 512M
 Pre-touch: Disabled
 Parallel Workers: 8
 Concurrent Workers: 2
 Concurrent Refinement Workers: 8
 Periodic GC: Disabled
Heap:
 garbage-first heap   total 262144K, used 197944K [0x00000000e0000000, 0x0000000100000000)
  region size 1024K, 112 young (114688K), 19 survivors (19456K)
 Metaspace       used 72513K, committed 74624K, reserved 393216K
  class space    used 9738K, committed 10816K, reserved 327680K
GC Heap History (16 events):
Event: 1.324 GC heap before
{Heap before GC invocations=0 (full 0):
 garbage-first heap   total 262144K, used 26624K [0x00000000e0000000, 0x0000000100000000)
  region size 1024K, 23 young (23552K), 0 survivors (0K)
 Metaspace       used 2062K, committed 2240K, reserved 393216K
  class space    used 217K, committed 320K, reserved 327680K
}
Event: 1.335 GC heap after
{Heap after GC invocations=1 (full 0):
 garbage-first heap   total 262144K, used 10585K [0x00000000e0000000, 0x0000000100000000)
  region size 1024K, 3 young (3072K), 3 survivors (3072K)
 Metaspace       used 2062K, committed 2240K, reserved 393216K
  class space    used 217K, committed 320K, reserved 327680K
}
Event: 2.416 GC heap before
{Heap before GC invocations=1 (full 0):
 garbage-first heap   total 262144K, used 40281K [0x00000000e0000000, 0x0000000100000000)
  region size 1024K, 32 young (32768K), 3 survivors (3072K)
 Metaspace       used 4189K, committed 4416K, reserved 393216K
  class space    used 517K, committed 640K, reserved 327680K
}
Event: 2.420 GC heap after
{Heap after GC invocations=2 (full 0):
 garbage-first heap   total 262144K, used 11868K [0x00000000e0000000, 0x0000000100000000)
  region size 1024K, 2 young (2048K), 2 survivors (2048K)
 Metaspace       used 4189K, committed 4416K, reserved 393216K
  class space    used 517K, committed 640K, reserved 327680K
}
Event: 6.700 GC heap before
{Heap before GC invocations=2 (full 0):
 garbage-first heap   total 262144K, used 126556K [0x00000000e0000000, 0x0000000100000000)
  region size 1024K, 114 young (116736K), 2 survivors (2048K)
 Metaspace       used 20872K, committed 21504K, reserved 393216K
  class space    used 3004K, committed 3328K, reserved 327680K
}
Event: 6.712 GC heap after
{Heap after GC invocations=3 (full 0):
 garbage-first heap   total 262144K, used 23892K [0x00000000e0000000, 0x0000000100000000)
  region size 1024K, 12 young (12288K), 12 survivors (12288K)
 Metaspace       used 20872K, committed 21504K, reserved 393216K
  class space    used 3004K, committed 3328K, reserved 327680K
}
Event: 9.700 GC heap before
{Heap before GC invocations=4 (full 0):
 garbage-first heap   total 262144K, used 136532K [0x00000000e0000000, 0x0000000100000000)
  region size 1024K, 113 young (115712K), 12 survivors (12288K)
 Metaspace       used 34680K, committed 35968K, reserved 393216K
  class space    used 5121K, committed 5760K, reserved 327680K
}
Event: 9.716 GC heap after
{Heap after GC invocations=5 (full 0):
 garbage-first heap   total 262144K, used 43158K [0x00000000e0000000, 0x0000000100000000)
  region size 1024K, 9 young (9216K), 9 survivors (9216K)
 Metaspace       used 34680K, committed 35968K, reserved 393216K
  class space    used 5121K, committed 5760K, reserved 327680K
}
Event: 18.082 GC heap before
{Heap before GC invocations=6 (full 0):
 garbage-first heap   total 262144K, used 220310K [0x00000000e0000000, 0x0000000100000000)
  region size 1024K, 141 young (144384K), 9 survivors (9216K)
 Metaspace       used 51788K, committed 53376K, reserved 393216K
  class space    used 6740K, committed 7488K, reserved 327680K
}
Event: 18.099 GC heap after
{Heap after GC invocations=7 (full 0):
 garbage-first heap   total 262144K, used 69428K [0x00000000e0000000, 0x0000000100000000)
  region size 1024K, 18 young (18432K), 18 survivors (18432K)
 Metaspace       used 51788K, committed 53376K, reserved 393216K
  class space    used 6740K, committed 7488K, reserved 327680K
}
Event: 20.492 GC heap before
{Heap before GC invocations=7 (full 0):
 garbage-first heap   total 262144K, used 147252K [0x00000000e0000000, 0x0000000100000000)
  region size 1024K, 95 young (97280K), 18 survivors (18432K)
 Metaspace       used 58310K, committed 60096K, reserved 393216K
  class space    used 7734K, committed 8640K, reserved 327680K
}
Event: 20.515 GC heap after
{Heap after GC invocations=8 (full 0):
 garbage-first heap   total 262144K, used 76443K [0x00000000e0000000, 0x0000000100000000)
  region size 1024K, 5 young (5120K), 5 survivors (5120K)
 Metaspace       used 58310K, committed 60096K, reserved 393216K
  class space    used 7734K, committed 8640K, reserved 327680K
}
Event: 20.620 GC heap before
{Heap before GC invocations=8 (full 0):
 garbage-first heap   total 262144K, used 80539K [0x00000000e0000000, 0x0000000100000000)
  region size 1024K, 10 young (10240K), 5 survivors (5120K)
 Metaspace       used 58625K, committed 60416K, reserved 393216K
  class space    used 7796K, committed 8704K, reserved 327680K
}
Event: 20.625 GC heap after
{Heap after GC invocations=9 (full 0):
 garbage-first heap   total 262144K, used 75962K [0x00000000e0000000, 0x0000000100000000)
  region size 1024K, 5 young (5120K), 5 survivors (5120K)
 Metaspace       used 58625K, committed 60416K, reserved 393216K
  class space    used 7796K, committed 8704K, reserved 327680K
}
Event: 23.889 GC heap before
{Heap before GC invocations=10 (full 0):
 garbage-first heap   total 262144K, used 235706K [0x00000000e0000000, 0x0000000100000000)
  region size 1024K, 149 young (152576K), 5 survivors (5120K)
 Metaspace       used 69735K, committed 71744K, reserved 393216K
  class space    used 9533K, committed 10496K, reserved 327680K
}
Event: 23.906 GC heap after
{Heap after GC invocations=11 (full 0):
 garbage-first heap   total 262144K, used 103736K [0x00000000e0000000, 0x0000000100000000)
  region size 1024K, 19 young (19456K), 19 survivors (19456K)
 Metaspace       used 69735K, committed 71744K, reserved 393216K
  class space    used 9533K, committed 10496K, reserved 327680K
}

